<?xml version="1.0" encoding="UTF-8"?>
<testng-results ignored="0" total="5" passed="4" failed="1" skipped="0">
  <reporter-output>
  </reporter-output>
  <suite started-at="2022-05-20T15:12:50 IST" name="Suite" finished-at="2022-05-20T15:13:43 IST" duration-ms="52915">
    <groups>
    </groups>
    <test started-at="2022-05-20T15:12:50 IST" name="Test01" finished-at="2022-05-20T15:13:11 IST" duration-ms="20332">
      <class name="pack01.Test01">
        <test-method is-config="true" signature="beforeTest01()[pri:0, instance:pack01.Test01@76b74e9c]" started-at="2022-05-20T15:12:50 IST" name="beforeTest01" finished-at="2022-05-20T15:13:08 IST" duration-ms="17739" status="PASS">
          <reporter-output>
          </reporter-output>
        </test-method> <!-- beforeTest01 -->
        <test-method signature="Test01()[pri:0, instance:pack01.Test01@76b74e9c]" started-at="2022-05-20T15:13:08 IST" name="Test01" finished-at="2022-05-20T15:13:10 IST" duration-ms="1333" status="PASS">
          <reporter-output>
          </reporter-output>
        </test-method> <!-- Test01 -->
        <test-method signature="selectBox()[pri:0, instance:pack01.Test01@76b74e9c]" started-at="2022-05-20T15:13:10 IST" name="selectBox" finished-at="2022-05-20T15:13:10 IST" duration-ms="859" status="PASS">
          <reporter-output>
          </reporter-output>
        </test-method> <!-- selectBox -->
        <test-method is-config="true" signature="afterTest01()[pri:0, instance:pack01.Test01@76b74e9c]" started-at="2022-05-20T15:13:10 IST" name="afterTest01" finished-at="2022-05-20T15:13:11 IST" duration-ms="296" status="PASS">
          <reporter-output>
          </reporter-output>
        </test-method> <!-- afterTest01 -->
      </class> <!-- pack01.Test01 -->
    </test> <!-- Test01 -->
    <test started-at="2022-05-20T15:13:12 IST" name="Test02" finished-at="2022-05-20T15:13:28 IST" duration-ms="15418">
      <class name="pack01.Test02">
        <test-method is-config="true" signature="beforeTest03()[pri:0, instance:pack01.Test02@5bd73d1a]" started-at="2022-05-20T15:13:12 IST" name="beforeTest03" finished-at="2022-05-20T15:13:20 IST" duration-ms="8097" status="PASS">
          <reporter-output>
          </reporter-output>
        </test-method> <!-- beforeTest03 -->
        <test-method signature="Test03()[pri:0, instance:pack01.Test02@5bd73d1a]" started-at="2022-05-20T15:13:20 IST" name="Test03" finished-at="2022-05-20T15:13:27 IST" duration-ms="6961" status="PASS">
          <reporter-output>
          </reporter-output>
        </test-method> <!-- Test03 -->
        <test-method is-config="true" signature="afterTest03()[pri:0, instance:pack01.Test02@5bd73d1a]" started-at="2022-05-20T15:13:27 IST" name="afterTest03" finished-at="2022-05-20T15:13:28 IST" duration-ms="341" status="PASS">
          <reporter-output>
          </reporter-output>
        </test-method> <!-- afterTest03 -->
      </class> <!-- pack01.Test02 -->
    </test> <!-- Test02 -->
    <test started-at="2022-05-20T15:13:28 IST" name="Test03" finished-at="2022-05-20T15:13:35 IST" duration-ms="7320">
      <class name="pack01.Test03">
        <test-method is-config="true" signature="beforeTest04()[pri:0, instance:pack01.Test03@70e29e14]" started-at="2022-05-20T15:13:28 IST" name="beforeTest04" finished-at="2022-05-20T15:13:34 IST" duration-ms="6471" status="PASS">
          <reporter-output>
          </reporter-output>
        </test-method> <!-- beforeTest04 -->
        <test-method signature="Test04()[pri:0, instance:pack01.Test03@70e29e14]" started-at="2022-05-20T15:13:34 IST" name="Test04" finished-at="2022-05-20T15:13:35 IST" duration-ms="596" status="PASS">
          <reporter-output>
          </reporter-output>
        </test-method> <!-- Test04 -->
        <test-method is-config="true" signature="afterTest04()[pri:0, instance:pack01.Test03@70e29e14]" started-at="2022-05-20T15:13:35 IST" name="afterTest04" finished-at="2022-05-20T15:13:35 IST" duration-ms="238" status="PASS">
          <reporter-output>
          </reporter-output>
        </test-method> <!-- afterTest04 -->
      </class> <!-- pack01.Test03 -->
    </test> <!-- Test03 -->
    <test started-at="2022-05-20T15:13:35 IST" name="Test04" finished-at="2022-05-20T15:13:43 IST" duration-ms="8368">
      <class name="pack01.Test04">
        <test-method is-config="true" signature="beforeTest05()[pri:0, instance:pack01.Test04@384fc774]" started-at="2022-05-20T15:13:35 IST" name="beforeTest05" finished-at="2022-05-20T15:13:39 IST" duration-ms="4480" status="PASS">
          <reporter-output>
          </reporter-output>
        </test-method> <!-- beforeTest05 -->
        <test-method signature="Test05()[pri:0, instance:pack01.Test04@384fc774]" started-at="2022-05-20T15:13:39 IST" name="Test05" finished-at="2022-05-20T15:13:42 IST" duration-ms="2945" status="FAIL">
          <exception class="java.lang.AssertionError">
            <message>
              <![CDATA[expected [true] but found [false]]]>
            </message>
            <full-stacktrace>
              <![CDATA[java.lang.AssertionError: expected [true] but found [false]
at org.testng.Assert.fail(Assert.java:99)
at org.testng.Assert.failNotEquals(Assert.java:1037)
at org.testng.Assert.assertTrue(Assert.java:45)
at org.testng.Assert.assertTrue(Assert.java:55)
at pack01.Test04.Test05(Test04.java:39)
at java.base/jdk.internal.reflect.NativeMethodAccessorImpl.invoke0(Native Method)
at java.base/jdk.internal.reflect.NativeMethodAccessorImpl.invoke(NativeMethodAccessorImpl.java:77)
at java.base/jdk.internal.reflect.DelegatingMethodAccessorImpl.invoke(DelegatingMethodAccessorImpl.java:43)
at java.base/java.lang.reflect.Method.invoke(Method.java:568)
at org.testng.internal.MethodInvocationHelper.invokeMethod(MethodInvocationHelper.java:133)
at org.testng.internal.TestInvoker.invokeMethod(TestInvoker.java:598)
at org.testng.internal.TestInvoker.invokeTestMethod(TestInvoker.java:173)
at org.testng.internal.MethodRunner.runInSequence(MethodRunner.java:46)
at org.testng.internal.TestInvoker$MethodInvocationAgent.invoke(TestInvoker.java:824)
at org.testng.internal.TestInvoker.invokeTestMethods(TestInvoker.java:146)
at org.testng.internal.TestMethodWorker.invokeTestMethods(TestMethodWorker.java:146)
at org.testng.internal.TestMethodWorker.run(TestMethodWorker.java:128)
at java.base/java.util.ArrayList.forEach(ArrayList.java:1511)
at org.testng.TestRunner.privateRun(TestRunner.java:794)
at org.testng.TestRunner.run(TestRunner.java:596)
at org.testng.SuiteRunner.runTest(SuiteRunner.java:377)
at org.testng.SuiteRunner.runSequentially(SuiteRunner.java:371)
at org.testng.SuiteRunner.privateRun(SuiteRunner.java:332)
at org.testng.SuiteRunner.run(SuiteRunner.java:276)
at org.testng.SuiteRunnerWorker.runSuite(SuiteRunnerWorker.java:53)
at org.testng.SuiteRunnerWorker.run(SuiteRunnerWorker.java:96)
at org.testng.TestNG.runSuitesSequentially(TestNG.java:1212)
at org.testng.TestNG.runSuitesLocally(TestNG.java:1134)
at org.testng.TestNG.runSuites(TestNG.java:1063)
at org.testng.TestNG.run(TestNG.java:1031)
at org.testng.remote.AbstractRemoteTestNG.run(AbstractRemoteTestNG.java:115)
at org.testng.remote.RemoteTestNG.initAndRun(RemoteTestNG.java:251)
at org.testng.remote.RemoteTestNG.main(RemoteTestNG.java:77)
]]>
            </full-stacktrace>
          </exception> <!-- java.lang.AssertionError -->
          <reporter-output>
          </reporter-output>
        </test-method> <!-- Test05 -->
        <test-method is-config="true" signature="afterTest05()[pri:0, instance:pack01.Test04@384fc774]" started-at="2022-05-20T15:13:43 IST" name="afterTest05" finished-at="2022-05-20T15:13:43 IST" duration-ms="321" status="PASS">
          <reporter-output>
          </reporter-output>
        </test-method> <!-- afterTest05 -->
      </class> <!-- pack01.Test04 -->
    </test> <!-- Test04 -->
  </suite> <!-- Suite -->
</testng-results>
